[2023-12-25 13:17:43,328] [DEBUG] debug message
[2023-12-25 13:17:43,328] [INFO] info message
[2023-12-25 13:17:43,328] [WARNING] warning message
[2023-12-25 13:17:43,328] [ERROR] error message
[2023-12-25 13:17:43,328] [CRITICAL] critical message
[2023-12-25 13:18:44,641] [DEBUG] debug message
[2023-12-25 13:18:44,641] [INFO] info message
[2023-12-25 13:18:44,641] [WARNING] warning message
[2023-12-25 13:18:44,641] [ERROR] error message
[2023-12-25 13:18:44,641] [CRITICAL] critical message
[2023-12-25 13:23:02,545] [INFO] This is an info message111
[2023-12-25 13:23:26,325] [INFO] This is an info message111
[2023-12-25 13:23:26,325] [DEBUG] debug message
[2023-12-25 13:23:26,325] [DEBUG] debug message
[2023-12-25 13:23:26,325] [INFO] info message
[2023-12-25 13:23:26,325] [INFO] info message
[2023-12-25 13:23:26,325] [WARNING] warning message
[2023-12-25 13:23:26,325] [WARNING] warning message
[2023-12-25 13:23:26,325] [ERROR] error message
[2023-12-25 13:23:26,325] [ERROR] error message
[2023-12-25 13:23:26,325] [CRITICAL] critical message
[2023-12-25 13:23:26,325] [CRITICAL] critical message
[2023-12-25 13:23:55,009] [DEBUG] debug message
[2023-12-25 13:23:55,009] [INFO] info message
[2023-12-25 13:23:55,009] [WARNING] warning message
[2023-12-25 13:23:55,009] [ERROR] error message
[2023-12-25 13:23:55,009] [CRITICAL] critical message
[2023-12-25 13:24:07,994] [INFO] This is an info message111
[2023-12-25 13:24:07,994] [DEBUG] debug message
[2023-12-25 13:24:07,994] [DEBUG] debug message
[2023-12-25 13:24:07,994] [INFO] info message
[2023-12-25 13:24:07,994] [INFO] info message
[2023-12-25 13:24:07,994] [WARNING] warning message
[2023-12-25 13:24:07,994] [WARNING] warning message
[2023-12-25 13:24:07,994] [ERROR] error message
[2023-12-25 13:24:07,994] [ERROR] error message
[2023-12-25 13:24:07,995] [CRITICAL] critical message
[2023-12-25 13:24:07,995] [CRITICAL] critical message
[2023-12-25 13:25:12,720] [INFO] This is an info message111
[2023-12-25 13:25:31,311] [INFO] This is an info message111
[2023-12-25 13:26:02,377] [INFO] This is an info message111
[2023-12-25 13:27:20,589] [INFO] This is an info message111
[2023-12-25 13:27:48,179] [INFO] This is an info message111
[2023-12-25 13:27:58,422] [INFO] This is an info message111
[2023-12-25 13:28:15,223] [INFO] This is an info message111
